<?xml version="1.0" encoding="UTF-8"?>
<testng-results ignored="0" total="1" passed="1" failed="0" skipped="0">
  <reporter-output>
  </reporter-output>
  <suite started-at="2024-09-06T20:56:28 IST" name="Default suite" finished-at="2024-09-06T20:56:57 IST" duration-ms="28884">
    <groups>
    </groups>
    <test started-at="2024-09-06T20:56:28 IST" name="Default test" finished-at="2024-09-06T20:56:57 IST" duration-ms="28884">
      <class name="tests.AddRemoveItemBasketTest">
        <test-method is-config="true" signature="setup()[pri:0, instance:tests.AddRemoveItemBasketTest@2e570ded]" started-at="2024-09-06T20:56:28 IST" name="setup" finished-at="2024-09-06T20:56:34 IST" duration-ms="6762" status="PASS">
          <reporter-output>
          </reporter-output>
        </test-method> <!-- setup -->
        <test-method signature="AddItem()[pri:0, instance:tests.AddRemoveItemBasketTest@2e570ded]" started-at="2024-09-06T20:56:34 IST" name="AddItem" finished-at="2024-09-06T20:56:57 IST" duration-ms="22098" status="PASS">
          <reporter-output>
          </reporter-output>
        </test-method> <!-- AddItem -->
        <test-method is-config="true" signature="tearDown()[pri:0, instance:tests.AddRemoveItemBasketTest@2e570ded]" started-at="2024-09-06T20:56:57 IST" name="tearDown" finished-at="2024-09-06T20:56:57 IST" duration-ms="0" status="PASS">
          <reporter-output>
          </reporter-output>
        </test-method> <!-- tearDown -->
      </class> <!-- tests.AddRemoveItemBasketTest -->
    </test> <!-- Default test -->
  </suite> <!-- Default suite -->
</testng-results>
